\BOOKMARK [1][-]{section.1}{Introduction}{}% 1
\BOOKMARK [2][-]{subsection.1.1}{What\040is\040Concentration\040of\040Measure}{section.1}% 2
\BOOKMARK [2][-]{subsection.1.2}{What\040is\040Empirical\040Process\040theory}{section.1}% 3
\BOOKMARK [2][-]{subsection.1.3}{So\040why\040should\040we\040care\040about\040empirical\040process\040theory?}{section.1}% 4
\BOOKMARK [2][-]{subsection.1.4}{Go\040on\040tell\040me\040about\040Machine\040Learning}{section.1}% 5
\BOOKMARK [1][-]{section.2}{Notation}{}% 6
\BOOKMARK [1][-]{section.3}{Classical\040Concentration\040inequalities}{}% 7
\BOOKMARK [2][-]{subsection.3.1}{Examples\040of\040Concentration\040Inequalities}{section.3}% 8
\BOOKMARK [1][-]{section.4}{Basic\040concentration\040inequalities\040via\040the\040martingale\040approach}{}% 9
\BOOKMARK [2][-]{subsection.4.1}{The\040Azuma-Hoeffding\040inequality}{section.4}% 10
\BOOKMARK [2][-]{subsection.4.2}{McDiarmid's\040inequality}{section.4}% 11
\BOOKMARK [2][-]{subsection.4.3}{Hoeffding's\040inequality,\040and\040its\040improved\040version\040\(the\040Kearns-Saul\040inequality\)}{section.4}% 12
\BOOKMARK [1][-]{section.5}{The\040main\040ingredients\040of\040the\040entropy\040method}{}% 13
\BOOKMARK [2][-]{subsection.5.1}{The\040Chernoff\040bounding\040trick}{section.5}% 14
\BOOKMARK [1][-]{section.6}{Statistical\040Learning\040Theory}{}% 15
\BOOKMARK [2][-]{subsection.6.1}{The\040Traditional\040Setup}{section.6}% 16
\BOOKMARK [2][-]{subsection.6.2}{Concentration}{section.6}% 17
\BOOKMARK [2][-]{subsection.6.3}{Contol\040by\040Counting}{section.6}% 18
\BOOKMARK [2][-]{subsection.6.4}{Capacity}{section.6}% 19
\BOOKMARK [1][-]{section.7}{Applications}{}% 20
\BOOKMARK [2][-]{subsection.7.1}{Rademacher\040Processes}{section.7}% 21
\BOOKMARK [1][-]{section.8}{Rademacher\040Chaos}{}% 22
\BOOKMARK [2][-]{subsection.8.1}{Rademacher\040averages}{section.8}% 23
\BOOKMARK [2][-]{subsection.8.2}{Rademacher\040Chaos}{section.8}% 24
