\BOOKMARK [1][-]{section.1}{Acknowledgements}{}% 1
\BOOKMARK [1][-]{section.2}{Notation}{}% 2
\BOOKMARK [1][-]{section.3}{Introduction}{}% 3
\BOOKMARK [2][-]{subsection.3.1}{What\040does\040the\040word\040Application\040mean?}{section.3}% 4
\BOOKMARK [2][-]{subsection.3.2}{What\040is\040in\040this\040thesis?}{section.3}% 5
\BOOKMARK [1][-]{section.4}{What\040are\040other\040examples\040of\040Concentration\040of\040Measure?}{}% 6
\BOOKMARK [2][-]{subsection.4.1}{Probabilistic\040viewpoint}{section.4}% 7
\BOOKMARK [2][-]{subsection.4.2}{Some\040further\040classic\040examples}{section.4}% 8
\BOOKMARK [2][-]{subsection.4.3}{What\040is\040Empirical\040Process\040theory}{section.4}% 9
\BOOKMARK [2][-]{subsection.4.4}{So\040why\040should\040we\040care\040about\040empirical\040process\040theory?}{section.4}% 10
\BOOKMARK [1][-]{section.5}{Basic\040concentration\040inequalities\040via\040the\040martingale\040approach}{}% 11
\BOOKMARK [2][-]{subsection.5.1}{The\040Azuma-Hoeffding\040inequality}{section.5}% 12
\BOOKMARK [2][-]{subsection.5.2}{McDiarmid's\040inequality}{section.5}% 13
\BOOKMARK [2][-]{subsection.5.3}{Hoeffding's\040inequality,\040and\040its\040improved\040version\040\(the\040Kearns-Saul\040inequality\)}{section.5}% 14
\BOOKMARK [1][-]{section.6}{Statistical\040Learning\040Theory}{}% 15
\BOOKMARK [2][-]{subsection.6.1}{Notations\040from\040learning\040theory}{section.6}% 16
\BOOKMARK [3][-]{subsubsection.6.1.1}{Classification}{subsection.6.1}% 17
\BOOKMARK [3][-]{subsubsection.6.1.2}{Regression}{subsection.6.1}% 18
\BOOKMARK [3][-]{subsubsection.6.1.3}{Density\040Estimation}{subsection.6.1}% 19
\BOOKMARK [2][-]{subsection.6.2}{The\040Traditional\040Setup}{section.6}% 20
\BOOKMARK [2][-]{subsection.6.3}{Concentration}{section.6}% 21
\BOOKMARK [2][-]{subsection.6.4}{Contol\040by\040Counting}{section.6}% 22
\BOOKMARK [2][-]{subsection.6.5}{Capacity}{section.6}% 23
\BOOKMARK [1][-]{section.7}{Rademacher\040Processes}{}% 24
\BOOKMARK [1][-]{section.8}{Time\040series}{}% 25
\BOOKMARK [1][-]{section.9}{Risk\040bounds}{}% 26
\BOOKMARK [2][-]{subsection.9.1}{Setup\040and\040assumptions}{section.9}% 27
\BOOKMARK [2][-]{subsection.9.2}{Fixed\040memory}{section.9}% 28
\BOOKMARK [1][-]{section.10}{Discussion}{}% 29
\BOOKMARK [1][-]{appendix.A}{Machine\040Learning\040-\040Computational\040Techniques}{}% 30
\BOOKMARK [1][-]{appendix.B}{Auxiliary\040results}{}% 31
\BOOKMARK [1][-]{appendix.C}{Proofs\040of\040selected\040results}{}% 32
